<?xml version="1.0" encoding="UTF-8"?>
<testng-results ignored="0" total="1" passed="1" failed="0" skipped="0">
  <reporter-output>
  </reporter-output>
  <suite started-at="2023-08-31T17:44:55 IST" name="Default suite" finished-at="2023-08-31T17:45:16 IST" duration-ms="21096">
    <groups>
    </groups>
    <test started-at="2023-08-31T17:44:55 IST" name="Default test" finished-at="2023-08-31T17:45:16 IST" duration-ms="21096">
      <class name="oAuth2.OAuthPractise">
        <test-method signature="oAuth()[pri:0, instance:oAuth2.OAuthPractise@732c2a62]" started-at="2023-08-31T17:44:55 IST" name="oAuth" finished-at="2023-08-31T17:45:16 IST" duration-ms="20947" status="PASS">
          <reporter-output>
          </reporter-output>
        </test-method> <!-- oAuth -->
      </class> <!-- oAuth2.OAuthPractise -->
    </test> <!-- Default test -->
  </suite> <!-- Default suite -->
</testng-results>
